0 info it worked if it ends with ok
1 verbose cli [ '/usr/local/bin/node',
1 verbose cli   '/usr/local/bin/npm',
1 verbose cli   'install',
1 verbose cli   'express',
1 verbose cli   '–g' ]
2 info using npm@1.3.17
3 info using node@v0.10.23
4 warn package.json node@0.0.0 No repository field.
5 warn package.json sass@0.5.0 No repository field.
6 warn package.json mongoose@3.6.15 bugs.email field must be a string email. Deleted.
7 verbose cache add [ 'express', null ]
8 verbose cache add name=undefined spec="express" args=["express",null]
9 verbose parsed url { protocol: null,
9 verbose parsed url   slashes: null,
9 verbose parsed url   auth: null,
9 verbose parsed url   host: null,
9 verbose parsed url   port: null,
9 verbose parsed url   hostname: null,
9 verbose parsed url   hash: null,
9 verbose parsed url   search: null,
9 verbose parsed url   query: null,
9 verbose parsed url   pathname: 'express',
9 verbose parsed url   path: 'express',
9 verbose parsed url   href: 'express' }
10 verbose cache add [ '–g', null ]
11 verbose cache add name=undefined spec="–g" args=["–g",null]
12 verbose parsed url { protocol: null,
12 verbose parsed url   slashes: null,
12 verbose parsed url   auth: null,
12 verbose parsed url   host: null,
12 verbose parsed url   port: null,
12 verbose parsed url   hostname: null,
12 verbose parsed url   hash: null,
12 verbose parsed url   search: null,
12 verbose parsed url   query: null,
12 verbose parsed url   pathname: '–g',
12 verbose parsed url   path: '–g',
12 verbose parsed url   href: '–g' }
13 silly lockFile f3c62de4-express express
14 verbose lock express /Users/parryt/.npm/f3c62de4-express.lock
15 silly lockFile 51e00793-g –g
16 verbose lock –g /Users/parryt/.npm/51e00793-g.lock
17 silly lockFile f3c62de4-express express
18 silly lockFile f3c62de4-express express
19 verbose addNamed [ 'express', '' ]
20 verbose addNamed [ null, '*' ]
21 silly lockFile 64a534c1-express express@
22 verbose lock express@ /Users/parryt/.npm/64a534c1-express.lock
23 silly lockFile 51e00793-g –g
24 silly lockFile 51e00793-g –g
25 verbose addNamed [ '–g', '' ]
26 verbose addNamed [ null, '*' ]
27 silly lockFile 72e0e7f9-g –g@
28 verbose lock –g@ /Users/parryt/.npm/72e0e7f9-g.lock
29 silly addNameRange { name: 'express', range: '*', hasData: false }
30 silly addNameRange { name: '–g', range: '*', hasData: false }
31 verbose url raw –g
32 verbose url resolving [ 'https://registry.npmjs.org/', './%E2%80%93g' ]
33 verbose url resolved https://registry.npmjs.org/%E2%80%93g
34 info trying registry request attempt 1 at 16:48:41
35 http GET https://registry.npmjs.org/%E2%80%93g
36 verbose url raw express
37 verbose url resolving [ 'https://registry.npmjs.org/', './express' ]
38 verbose url resolved https://registry.npmjs.org/express
39 info trying registry request attempt 1 at 16:48:41
40 verbose etag "WJJDRUEJV13Y20PGK0XZM3MJ"
41 http GET https://registry.npmjs.org/express
42 http 404 https://registry.npmjs.org/%E2%80%93g
43 silly registry.get cb [ 404,
43 silly registry.get   { date: 'Sat, 28 Dec 2013 16:48:37 GMT',
43 silly registry.get     server: 'CouchDB/1.5.0 (Erlang OTP/R15B03)',
43 silly registry.get     'content-type': 'application/json',
43 silly registry.get     'cache-control': 'max-age=0',
43 silly registry.get     'content-length': '52',
43 silly registry.get     'accept-ranges': 'bytes',
43 silly registry.get     via: '1.1 varnish',
43 silly registry.get     age: '0',
43 silly registry.get     'x-served-by': 'cache-fra1233-FRA',
43 silly registry.get     'x-cache': 'MISS',
43 silly registry.get     'x-cache-hits': '0',
43 silly registry.get     'x-timer': 'S1388249317.097427845,VS0,VE132',
43 silly registry.get     'keep-alive': 'timeout=10, max=50',
43 silly registry.get     connection: 'Keep-Alive' } ]
44 silly lockFile 72e0e7f9-g –g@
45 silly lockFile 72e0e7f9-g –g@
46 error 404 '%E2%80%93g' is not in the npm registry.
46 error 404 You should bug the author to publish it
46 error 404
46 error 404 Note that you can also install from a
46 error 404 tarball, folder, or http url, or git url.
47 error System Darwin 11.4.2
48 error command "/usr/local/bin/node" "/usr/local/bin/npm" "install" "express" "–g"
49 error cwd /Users/parryt/code/games/todo
50 error node -v v0.10.23
51 error npm -v 1.3.17
52 error code E404
53 verbose exit [ 1, true ]
